C:\PROGRAM FILES\JAVA\JDK1.6.0_07\JRE\BIN\POINTHANDLEINTERFACE.DLL
C:\Program Files\Java\jdk1.6.0_07\jre\bin\PointHandleInterface.exp
C:\Program Files\Java\jdk1.6.0_07\jre\bin\PointHandleInterface.lib
C:\PROGRAM FILES\JAVA\JDK1.6.0_07\JRE\BIN\POINTHANDLEINTERFACE.PDB
D:\旧动态库\PointHandleInterface\PointHandleInterface\Release\cl.command.1.tlog
D:\旧动态库\PointHandleInterface\PointHandleInterface\Release\CL.read.1.tlog
D:\旧动态库\PointHandleInterface\PointHandleInterface\Release\CL.write.1.tlog
D:\旧动态库\PointHandleInterface\PointHandleInterface\Release\link.command.1.tlog
D:\旧动态库\PointHandleInterface\PointHandleInterface\Release\link.read.1.tlog
D:\旧动态库\PointHandleInterface\PointHandleInterface\Release\link.write.1.tlog
D:\旧动态库\PointHandleInterface\PointHandleInterface\Release\link-cvtres.read.1.tlog
D:\旧动态库\PointHandleInterface\PointHandleInterface\Release\link-cvtres.write.1.tlog
D:\旧动态库\PointHandleInterface\PointHandleInterface\Release\mt.command.1.tlog
D:\旧动态库\PointHandleInterface\PointHandleInterface\Release\mt.read.1.tlog
D:\旧动态库\PointHandleInterface\PointHandleInterface\Release\mt.write.1.tlog
D:\旧动态库\POINTHANDLEINTERFACE\POINTHANDLEINTERFACE\RELEASE\POINTHANDLEINTERFACE.DLL.INTERMEDIATE.MANIFEST
D:\旧动态库\POINTHANDLEINTERFACE\POINTHANDLEINTERFACE\RELEASE\POINTHANDLEINTERFACE.OBJ
D:\旧动态库\POINTHANDLEINTERFACE\POINTHANDLEINTERFACE\RELEASE\POINTHANDLEINTERFACE.PCH
D:\旧动态库\POINTHANDLEINTERFACE\POINTHANDLEINTERFACE\RELEASE\POINTHANDLEINTERFACE.RES
D:\旧动态库\PointHandleInterface\PointHandleInterface\Release\PointHandleInterface.write.1.tlog
D:\旧动态库\PointHandleInterface\PointHandleInterface\Release\rc.command.1.tlog
D:\旧动态库\PointHandleInterface\PointHandleInterface\Release\rc.read.1.tlog
D:\旧动态库\PointHandleInterface\PointHandleInterface\Release\rc.write.1.tlog
D:\旧动态库\POINTHANDLEINTERFACE\POINTHANDLEINTERFACE\RELEASE\STDAFX.OBJ
D:\旧动态库\POINTHANDLEINTERFACE\POINTHANDLEINTERFACE\RELEASE\VC100.PDB
